"../../../../../../Users/michal/Documents/Unreal Projects/CarelessLuggage/Content/Models/Cars/pickupTruck01.uasset" 0
"../../../../../../Users/michal/Documents/Unreal Projects/CarelessLuggage/Content/Models/Cars/pickupTruck01_Mat.uasset" 1
"../../../../../../Users/michal/Documents/Unreal Projects/CarelessLuggage/Content/Models/Cars/Low_Poly_Vehicles_pickupTruck01_pickupTruck01.uasset" 2
"../../../Engine/Content/Functions/Engine_MaterialFunctions01/Opacity/CameraDepthFade.uasset" 3
"../../../Engine/Content/EngineMaterials/T_Default_Material_Grid_N.uasset" 4
"../../../Engine/Content/EngineMaterials/T_Default_Material_Grid_M.uasset" 5
"../../../Engine/Content/EngineMaterials/WorldGridMaterial.uasset" 6
"../../../Engine/Content/BasicShapes/Cube.uasset" 7
"../../../Engine/Content/BasicShapes/BasicShapeMaterial.uasset" 8
"../../../../../../Users/michal/Documents/Unreal Projects/CarelessLuggage/Content/Blueprints/LuggagerMaterial.uasset" 9
"../../../../../../Users/michal/Documents/Unreal Projects/CarelessLuggage/Content/Blueprints/Luggager.uasset" 10
"../../../../../../Users/michal/Documents/Unreal Projects/CarelessLuggage/Content/Blueprints/CarLuggaged.uasset" 11
"../../../../../../Users/michal/Documents/Unreal Projects/CarelessLuggage/Content/Geometry/Meshes/CubeMaterial.uasset" 12
"../../../../../../Users/michal/Documents/Unreal Projects/CarelessLuggage/Content/Geometry/Meshes/TemplateFloor.uasset" 13
"../../../../../../Users/michal/Documents/Unreal Projects/CarelessLuggage/Content/Models/Building/SimpleAirport.uasset" 14
"../../../../../../Users/michal/Documents/Unreal Projects/CarelessLuggage/Content/Models/Building/SimpleAirport_Mat.uasset" 15
"../../../../../../Users/michal/Documents/Unreal Projects/CarelessLuggage/Content/Models/Bags/Bag01_B.uasset" 16
"../../../../../../Users/michal/Documents/Unreal Projects/CarelessLuggage/Content/Models/Building/Airport_Gangway01_Airport_Gangway01.uasset" 17
"../../../../../../Users/michal/Documents/Unreal Projects/CarelessLuggage/Content/Models/Building/Airport_Gangway01_Airport_Gangway_Connector.uasset" 18
"../../../../../../Users/michal/Documents/Unreal Projects/CarelessLuggage/Content/Models/Building/Airport_Gangway02_Airport_Gangway_Connector.uasset" 19
"../../../../../../Users/michal/Documents/Unreal Projects/CarelessLuggage/Content/Models/Building/Airport_Gangway03_Airport_Gangway03.uasset" 20
"../../../../../../Users/michal/Documents/Unreal Projects/CarelessLuggage/Content/Models/Building/Airport_Gangway03_Airport_Gangway_Connector.uasset" 21
"../../../../../../Users/michal/Documents/Unreal Projects/CarelessLuggage/Content/Models/Building/Airport_Gangway04_Airport_Gangway_Connector.uasset" 22
"../../../../../../Users/michal/Documents/Unreal Projects/CarelessLuggage/Content/Models/Building/Airport_Gangway05_Airport_Gangway_Connector.uasset" 23
"../../../../../../Users/michal/Documents/Unreal Projects/CarelessLuggage/Content/Models/Building/Airport_Gangway06_Airport_Gangway06.uasset" 24
"../../../../../../Users/michal/Documents/Unreal Projects/CarelessLuggage/Content/Models/Building/Airport_Gangway06_Airport_Gangway_Connector.uasset" 25
"../../../../../../Users/michal/Documents/Unreal Projects/CarelessLuggage/Content/Models/Building/Airport_Gangway07_Airport_Gangway07.uasset" 26
"../../../../../../Users/michal/Documents/Unreal Projects/CarelessLuggage/Content/Models/Building/Airport_Gangway07_Airport_Gangway_Connector.uasset" 27
"../../../../../../Users/michal/Documents/Unreal Projects/CarelessLuggage/Content/Models/Building/Airport_Tower02.uasset" 28
"../../../../../../Users/michal/Documents/Unreal Projects/CarelessLuggage/Content/Models/Building/Airport_Tower04.uasset" 29
"../../../../../../Users/michal/Documents/Unreal Projects/CarelessLuggage/Content/Models/Building/metal_box_01.uasset" 30
"../../../../../../Users/michal/Documents/Unreal Projects/CarelessLuggage/Content/Models/Cars/pickupTruck02.uasset" 31
"../../../../../../Users/michal/Documents/Unreal Projects/CarelessLuggage/Content/Models/Cars/pickupTruck02_Mat.uasset" 32
"../../../../../../Users/michal/Documents/Unreal Projects/CarelessLuggage/Content/Models/Cars/Low_Poly_Vehicles_pickupTruck02_pickupTruck02.uasset" 33
"../../../../../../Users/michal/Documents/Unreal Projects/CarelessLuggage/Content/Models/Cars/Low_Poly_Vehicles_pickupTruck02_wheel.uasset" 34
"../../../../../../Users/michal/Documents/Unreal Projects/CarelessLuggage/Content/Models/Cars/Low_Poly_Vehicles_pickupTruck02_wheel_2.uasset" 35
"../../../../../../Users/michal/Documents/Unreal Projects/CarelessLuggage/Content/Models/Cars/Low_Poly_Vehicles_pickupTruck02_wheel_3.uasset" 36
"../../../../../../Users/michal/Documents/Unreal Projects/CarelessLuggage/Content/Models/Cars/Low_Poly_Vehicles_pickupTruck02_wheel_4.uasset" 37
"../../../../../../Users/michal/Documents/Unreal Projects/CarelessLuggage/Content/Models/Environment/Fuel_Pipe01.uasset" 38
"../../../../../../Users/michal/Documents/Unreal Projects/CarelessLuggage/Content/Models/Environment/Fuel_Pipe02.uasset" 39
"../../../../../../Users/michal/Documents/Unreal Projects/CarelessLuggage/Content/Models/Environment/Fuel_Pipe03.uasset" 40
"../../../../../../Users/michal/Documents/Unreal Projects/CarelessLuggage/Content/Models/Environment/Fuel_Pipe04.uasset" 41
"../../../../../../Users/michal/Documents/Unreal Projects/CarelessLuggage/Content/Models/Environment/Fuel_Pipe05.uasset" 42
"../../../../../../Users/michal/Documents/Unreal Projects/CarelessLuggage/Content/Models/Environment/Fuel_Tap.uasset" 43
"../../../../../../Users/michal/Documents/Unreal Projects/CarelessLuggage/Content/Models/Fences/Barrier_Small01.uasset" 44
"../../../../../../Users/michal/Documents/Unreal Projects/CarelessLuggage/Content/Models/Fences/Barrier_Small02.uasset" 45
"../../../../../../Users/michal/Documents/Unreal Projects/CarelessLuggage/Content/Models/Fences/Barrier_Small03.uasset" 46
"../../../../../../Users/michal/Documents/Unreal Projects/CarelessLuggage/Content/StarterContent/Textures/T_MacroVariation.uasset" 47
"../../../../../../Users/michal/Documents/Unreal Projects/CarelessLuggage/Content/StarterContent/Materials/M_Metal_Chrome.uasset" 48
"../../../../../../Users/michal/Documents/Unreal Projects/CarelessLuggage/Content/Models/Fences/fence_01_fence_01.uasset" 49
"../../../../../../Users/michal/Documents/Unreal Projects/CarelessLuggage/Content/Models/Fences/fence_01_mesh.uasset" 50
"../../../../../../Users/michal/Documents/Unreal Projects/CarelessLuggage/Content/Models/Fences/Fence_Alpha.uasset" 51
"../../../../../../Users/michal/Documents/Unreal Projects/CarelessLuggage/Content/Models/Fences/Fence_Alpha_Mat.uasset" 52
"../../../../../../Users/michal/Documents/Unreal Projects/CarelessLuggage/Content/Models/Fences/Prop_Barrier_Metal_01.uasset" 53
"../../../../../../Users/michal/Documents/Unreal Projects/CarelessLuggage/Content/Models/Fences/Prop_Barrier_Metal_02.uasset" 54
"../../../../../../Users/michal/Documents/Unreal Projects/CarelessLuggage/Content/Models/Fences/Prop_Barrier_Plastic_01.uasset" 55
"../../../../../../Users/michal/Documents/Unreal Projects/CarelessLuggage/Content/Models/Fences/Prop_Barrier_Plastic_02.uasset" 56
"../../../../../../Users/michal/Documents/Unreal Projects/CarelessLuggage/Content/Models/Planes/Jet01_Jet01.uasset" 57
"../../../../../../Users/michal/Documents/Unreal Projects/CarelessLuggage/Content/Models/Planes/Jet01_Wheel01.uasset" 58
"../../../../../../Users/michal/Documents/Unreal Projects/CarelessLuggage/Content/Models/Planes/Jet01_Wheel02.uasset" 59
"../../../../../../Users/michal/Documents/Unreal Projects/CarelessLuggage/Content/Models/Planes/Jet01_Wheel03.uasset" 60
"../../../../../../Users/michal/Documents/Unreal Projects/CarelessLuggage/Content/Models/Planes/Jet02_Wheel01.uasset" 61
"../../../../../../Users/michal/Documents/Unreal Projects/CarelessLuggage/Content/Models/Planes/Jet02_Wheel02.uasset" 62
"../../../../../../Users/michal/Documents/Unreal Projects/CarelessLuggage/Content/Models/Planes/Jet02_Wheel03.uasset" 63
"../../../../../../Users/michal/Documents/Unreal Projects/CarelessLuggage/Content/Models/Planes/Jet03_Wheel01.uasset" 64
"../../../../../../Users/michal/Documents/Unreal Projects/CarelessLuggage/Content/Models/Planes/Jet03_Wheel02.uasset" 65
"../../../../../../Users/michal/Documents/Unreal Projects/CarelessLuggage/Content/Models/Planes/Jet03_Wheel03.uasset" 66
"../../../../../../Users/michal/Documents/Unreal Projects/CarelessLuggage/Content/Models/Planes/Jet04_Jet04.uasset" 67
"../../../../../../Users/michal/Documents/Unreal Projects/CarelessLuggage/Content/Models/Planes/Jet04_Wheel01.uasset" 68
"../../../../../../Users/michal/Documents/Unreal Projects/CarelessLuggage/Content/Models/Planes/Jet04_Wheel02.uasset" 69
"../../../../../../Users/michal/Documents/Unreal Projects/CarelessLuggage/Content/Models/Planes/Jet04_Wheel03.uasset" 70
"../../../../../../Users/michal/Documents/Unreal Projects/CarelessLuggage/Content/Models/Planes/Jet05_Wheel01.uasset" 71
"../../../../../../Users/michal/Documents/Unreal Projects/CarelessLuggage/Content/Models/Planes/Jet05_Wheel02.uasset" 72
"../../../../../../Users/michal/Documents/Unreal Projects/CarelessLuggage/Content/Models/Planes/Jet05_Wheel03.uasset" 73
"../../../../../../Users/michal/Documents/Unreal Projects/CarelessLuggage/Content/Models/Terrain/Garden_Planter01.uasset" 74
"../../../../../../Users/michal/Documents/Unreal Projects/CarelessLuggage/Content/Models/Terrain/Garden_Planter02.uasset" 75
"../../../../../../Users/michal/Documents/Unreal Projects/CarelessLuggage/Content/Models/Terrain/Garden_Planter03.uasset" 76
"../../../../../../Users/michal/Documents/Unreal Projects/CarelessLuggage/Content/Models/Terrain/GrassCorner_Dark.uasset" 77
"../../../../../../Users/michal/Documents/Unreal Projects/CarelessLuggage/Content/Models/Terrain/GrassCorner_Light.uasset" 78
"../../../../../../Users/michal/Documents/Unreal Projects/CarelessLuggage/Content/Models/Terrain/GrassSmallCorner_Dark.uasset" 79
"../../../../../../Users/michal/Documents/Unreal Projects/CarelessLuggage/Content/Models/Terrain/GrassSmallCorner_Light.uasset" 80
"../../../../../../Users/michal/Documents/Unreal Projects/CarelessLuggage/Content/Models/Terrain/GrassStraight_Dark.uasset" 81
"../../../../../../Users/michal/Documents/Unreal Projects/CarelessLuggage/Content/Models/Terrain/GrassStraight_Light.uasset" 82
"../../../../../../Users/michal/Documents/Unreal Projects/CarelessLuggage/Content/Models/Terrain/Cross_Roads.uasset" 83
"../../../../../../Users/michal/Documents/Unreal Projects/CarelessLuggage/Content/Models/Terrain/Material__25.uasset" 84
"../../../../../../Users/michal/Documents/Unreal Projects/CarelessLuggage/Content/Models/Terrain/Grass_01.uasset" 85
"../../../../../../Users/michal/Documents/Unreal Projects/CarelessLuggage/Content/Models/Terrain/Grass_Light.uasset" 86
"../../../../../../Users/michal/Documents/Unreal Projects/CarelessLuggage/Content/Models/Terrain/Ground_Concrete.uasset" 87
"../../../../../../Users/michal/Documents/Unreal Projects/CarelessLuggage/Content/Models/Terrain/Ground_Concrete01.uasset" 88
"../../../../../../Users/michal/Documents/Unreal Projects/CarelessLuggage/Content/Models/Terrain/Ground_Concrete02.uasset" 89
"../../../../../../Users/michal/Documents/Unreal Projects/CarelessLuggage/Content/Models/Terrain/Ground_Concrete03.uasset" 90
"../../../../../../Users/michal/Documents/Unreal Projects/CarelessLuggage/Content/Models/Terrain/Ground_Concrete04.uasset" 91
"../../../../../../Users/michal/Documents/Unreal Projects/CarelessLuggage/Content/Models/Terrain/Pavement_01.uasset" 92
"../../../../../../Users/michal/Documents/Unreal Projects/CarelessLuggage/Content/Models/Terrain/River_01.uasset" 93
"../../../../../../Users/michal/Documents/Unreal Projects/CarelessLuggage/Content/Models/Terrain/Road_01.uasset" 94
"../../../../../../Users/michal/Documents/Unreal Projects/CarelessLuggage/Content/Models/Terrain/Road_02.uasset" 95
"../../../../../../Users/michal/Documents/Unreal Projects/CarelessLuggage/Content/Models/Terrain/Runway_Connector.uasset" 96
"../../../../../../Users/michal/Documents/Unreal Projects/CarelessLuggage/Content/Models/Terrain/Runway_Connector_Left.uasset" 97
"../../../../../../Users/michal/Documents/Unreal Projects/CarelessLuggage/Content/Models/Terrain/Runway_Connector_Right.uasset" 98
"../../../../../../Users/michal/Documents/Unreal Projects/CarelessLuggage/Content/Models/Terrain/Runway_Light.uasset" 99
"../../../../../../Users/michal/Documents/Unreal Projects/CarelessLuggage/Content/Models/Terrain/Runway_Number40.uasset" 100
"../../../../../../Users/michal/Documents/Unreal Projects/CarelessLuggage/Content/Models/Terrain/Runway_Road.uasset" 101
"../../../../../../Users/michal/Documents/Unreal Projects/CarelessLuggage/Content/StarterContent/Materials/M_Basic_Wall.uasset" 102
"../../../../../../Users/michal/Documents/Unreal Projects/CarelessLuggage/Content/StarterContent/Architecture/Pillar_50x500.uasset" 103
"../../../../../../Users/michal/Documents/Unreal Projects/CarelessLuggage/Content/StarterContent/Architecture/Wall_400x300.uasset" 104
"../../../../../../Users/michal/Documents/Unreal Projects/CarelessLuggage/Content/StarterContent/Architecture/Wall_400x400.uasset" 105
"../../../../../../Users/michal/Documents/Unreal Projects/CarelessLuggage/Content/StarterContent/Architecture/Wall_500x500.uasset" 106
"../../../../../../Users/michal/Documents/Unreal Projects/CarelessLuggage/Content/StarterContent/Architecture/Wall_Door_400x400.uasset" 107
"../../../../../../Users/michal/Documents/Unreal Projects/CarelessLuggage/Content/StarterContent/Architecture/Wall_Window_400x400.uasset" 108
"../../../../../../Users/michal/Documents/Unreal Projects/CarelessLuggage/Content/StarterContent/Audio/Collapse01.uasset" 109
"../../../../../../Users/michal/Documents/Unreal Projects/CarelessLuggage/Content/StarterContent/Audio/Collapse02.uasset" 110
"../../../../../../Users/michal/Documents/Unreal Projects/CarelessLuggage/Content/StarterContent/Audio/Explosion01.uasset" 111
"../../../../../../Users/michal/Documents/Unreal Projects/CarelessLuggage/Content/StarterContent/Audio/Explosion02.uasset" 112
"../../../../../../Users/michal/Documents/Unreal Projects/CarelessLuggage/Content/StarterContent/Audio/Fire01.uasset" 113
"../../../../../../Users/michal/Documents/Unreal Projects/CarelessLuggage/Content/StarterContent/Audio/Fire_Sparks01.uasset" 114
"../../../../../../Users/michal/Documents/Unreal Projects/CarelessLuggage/Content/StarterContent/Audio/Light01.uasset" 115
"../../../../../../Users/michal/Documents/Unreal Projects/CarelessLuggage/Content/StarterContent/Audio/Light01_Cue.uasset" 116
"../../../../../../Users/michal/Documents/Unreal Projects/CarelessLuggage/Content/StarterContent/Audio/Light02.uasset" 117
"../../../../../../Users/michal/Documents/Unreal Projects/CarelessLuggage/Content/StarterContent/Audio/Light02_Cue.uasset" 118
"../../../../../../Users/michal/Documents/Unreal Projects/CarelessLuggage/Content/StarterContent/Audio/Smoke01.uasset" 119
"../../../../../../Users/michal/Documents/Unreal Projects/CarelessLuggage/Content/StarterContent/Audio/Starter_Birds01.uasset" 120
"../../../../../../Users/michal/Documents/Unreal Projects/CarelessLuggage/Content/StarterContent/Audio/Starter_Music01.uasset" 121
"../../../../../../Users/michal/Documents/Unreal Projects/CarelessLuggage/Content/StarterContent/Audio/Starter_Wind05.uasset" 122
"../../../../../../Users/michal/Documents/Unreal Projects/CarelessLuggage/Content/StarterContent/Audio/Starter_Wind06.uasset" 123
"../../../../../../Users/michal/Documents/Unreal Projects/CarelessLuggage/Content/StarterContent/Audio/Steam01.uasset" 124
"../../../../../../Users/michal/Documents/Unreal Projects/CarelessLuggage/Content/StarterContent/Textures/T_Smoke_Tiled_D.uasset" 125
"../../../../../../Users/michal/Documents/Unreal Projects/CarelessLuggage/Content/StarterContent/Textures/T_Smoke_SubUV.uasset" 126
"../../../../../../Users/michal/Documents/Unreal Projects/CarelessLuggage/Content/StarterContent/Particles/Materials/M_smoke_subUV.uasset" 127
"../../../Engine/Content/Functions/Engine_MaterialFunctions01/Gradient/RadialGradient.uasset" 128
"../../../../../../Users/michal/Documents/Unreal Projects/CarelessLuggage/Content/StarterContent/Particles/Materials/M_radial_ramp.uasset" 129
"../../../../../../Users/michal/Documents/Unreal Projects/CarelessLuggage/Content/StarterContent/Particles/Materials/m_flare_01.uasset" 130
"../../../../../../Users/michal/Documents/Unreal Projects/CarelessLuggage/Content/StarterContent/Textures/T_Explosion_SubUV.uasset" 131
"../../../../../../Users/michal/Documents/Unreal Projects/CarelessLuggage/Content/StarterContent/Particles/Materials/M_explosion_subUV.uasset" 132
"../../../../../../Users/michal/Documents/Unreal Projects/CarelessLuggage/Content/StarterContent/Textures/T_Burst_M.uasset" 133
"../../../../../../Users/michal/Documents/Unreal Projects/CarelessLuggage/Content/StarterContent/Particles/Materials/M_Burst.uasset" 134
"../../../../../../Users/michal/Documents/Unreal Projects/CarelessLuggage/Content/StarterContent/Particles/P_Explosion.uasset" 135
"../../../../../../Users/michal/Documents/Unreal Projects/CarelessLuggage/Content/StarterContent/Audio/Explosion_Cue.uasset" 136
"../../../../../../Users/michal/Documents/Unreal Projects/CarelessLuggage/Content/StarterContent/Blueprints/Blueprint_Effect_Explosion.uasset" 137
"../../../Engine/Content/EditorMeshes/ColorCalibrator/T_ColorGrid.uasset" 138
"../../../../../../Users/michal/Documents/Unreal Projects/CarelessLuggage/Content/StarterContent/Materials/M_ColorGrid_LowSpec.uasset" 139
"../../../../../../Users/michal/Documents/Unreal Projects/CarelessLuggage/Content/Blueprints/LuggageMaterial.uasset" 140
"../../../../../../Users/michal/Documents/Unreal Projects/CarelessLuggage/Content/Blueprints/LuggageBlueprint.uasset" 141
"../../../../../../Users/michal/Documents/Unreal Projects/CarelessLuggage/Content/Blueprints/LuggageBlueprint_pickup.uasset" 142
"../../../../../../Users/michal/Documents/Unreal Projects/CarelessLuggage/Content/Models/Terrain/Ground_Concrete05.uasset" 143
"../../../../../../Users/michal/Documents/Unreal Projects/CarelessLuggage/Content/Blueprints/DropOffPad.uasset" 144
"../../../Engine/Content/EditorBlueprintResources/StandardMacros.uasset" 145
"../../../../../../Users/michal/Documents/Unreal Projects/CarelessLuggage/Content/Vehicle/Sedan/Materials/M_Vehicle_Sedan.uasset" 146
"../../../../../../Users/michal/Documents/Unreal Projects/CarelessLuggage/Content/Vehicle/Sedan/Materials/M_Vehicle_Sedan_Inst_Wheels.uasset" 147
"../../../../../../Users/michal/Documents/Unreal Projects/CarelessLuggage/Content/Vehicle/Sedan/Materials/M_Vehicle_Sedan_Inst_Tires.uasset" 148
"../../../../../../Users/michal/Documents/Unreal Projects/CarelessLuggage/Content/Vehicle/Sedan/Materials/M_Vehicle_Sedan_Inst_TailLights.uasset" 149
"../../../../../../Users/michal/Documents/Unreal Projects/CarelessLuggage/Content/Vehicle/Sedan/Materials/M_Vehicle_Sedan_Inst_Plastic.uasset" 150
"../../../../../../Users/michal/Documents/Unreal Projects/CarelessLuggage/Content/Vehicle/Sedan/Materials/M_Vehicle_Sedan_Inst_Headlights.uasset" 151
"../../../../../../Users/michal/Documents/Unreal Projects/CarelessLuggage/Content/Vehicle/Sedan/Materials/M_Vehicle_Sedan_Inst_Glass.uasset" 152
"../../../../../../Users/michal/Documents/Unreal Projects/CarelessLuggage/Content/Vehicle/Sedan/Sedan_PhysicsAsset.uasset" 153
"../../../../../../Users/michal/Documents/Unreal Projects/CarelessLuggage/Content/Vehicle/Sedan/Sedan_Skeleton.uasset" 154
"../../../../../../Users/michal/Documents/Unreal Projects/CarelessLuggage/Content/Vehicle/Sedan/Sedan_SkelMesh.uasset" 155
"../../../../../../Users/michal/Documents/Unreal Projects/CarelessLuggage/Content/Vehicle/Sedan/Sedan_PhysMat.uasset" 156
"../../../../../../Users/michal/Documents/Unreal Projects/CarelessLuggage/Content/VehicleBP/Sedan/Sedan_FrontWheel.uasset" 157
"../../../../../../Users/michal/Documents/Unreal Projects/CarelessLuggage/Content/VehicleBP/Sedan/Sedan_BackWheel.uasset" 158
"../../../Engine/Content/EngineFonts/RobotoDistanceField.uasset" 159
"../../../../../../Users/michal/Documents/Unreal Projects/CarelessLuggage/Content/VehicleBP/Blueprints/VehicleHUD.uasset" 160
"../../../../../../Users/michal/Documents/Unreal Projects/CarelessLuggage/Content/Vehicle/Sedan/Sedan_AnimBP.uasset" 161
"../../../Engine/Content/Functions/Engine_MaterialFunctions03/Procedurals/ComputeFilterWidth.uasset" 162
"../../../Engine/Content/EngineMaterials/AntiAliasedTextMaterialTranslucent.uasset" 163
"../../../../../../Users/michal/Documents/Unreal Projects/CarelessLuggage/Content/VehicleBP/Sedan/Sedan.uasset" 164
"../../../../../../Users/michal/Documents/Unreal Projects/CarelessLuggage/Content/Blueprints/FinalCar/CustomPhysicSedan.uasset" 165
"../../../../../../Users/michal/Documents/Unreal Projects/CarelessLuggage/Content/Models/Cars/Low_Poly_Vehicles_pickupTruck01_wheel_4.uasset" 166
"../../../../../../Users/michal/Documents/Unreal Projects/CarelessLuggage/Content/Models/Cars/Low_Poly_Vehicles_pickupTruck01_wheel_3.uasset" 167
"../../../../../../Users/michal/Documents/Unreal Projects/CarelessLuggage/Content/Models/Cars/Low_Poly_Vehicles_pickupTruck01_wheel_2.uasset" 168
"../../../../../../Users/michal/Documents/Unreal Projects/CarelessLuggage/Content/Models/Cars/Low_Poly_Vehicles_pickupTruck01_wheel.uasset" 169
"../../../../../../Users/michal/Documents/Unreal Projects/CarelessLuggage/Content/Blueprints/FinalCar/LuggagedSedan.uasset" 170
"../../../../../../Users/michal/Documents/Unreal Projects/CarelessLuggage/Content/Blueprints/FinalCar/LuggagedSedan_pickup.uasset" 171
"../../../../../../Users/michal/Documents/Unreal Projects/CarelessLuggage/Content/Blueprints/Nick/CoopMode.uasset" 172
"../../../../../../Users/michal/Documents/Unreal Projects/CarelessLuggage/Content/Blueprints/Nick/BP_PlayerController.uasset" 173
"../../../../../../Users/michal/Documents/Unreal Projects/CarelessLuggage/Content/Blueprints/Nick/BP_GameMode.uasset" 174
"../../../../../../Users/michal/Documents/Unreal Projects/CarelessLuggage/Content/Blueprints/Nick/RespawnSedan.uasset" 175
"../../../../../../Users/michal/Documents/Unreal Projects/CarelessLuggage/Content/Materials/Floor.uasset" 176
"../../../../../../Users/michal/Documents/Unreal Projects/CarelessLuggage/Content/StarterContent/Textures/T_Bush_N.uasset" 177
"../../../../../../Users/michal/Documents/Unreal Projects/CarelessLuggage/Content/StarterContent/Textures/T_Bush_D.uasset" 178
"../../../../../../Users/michal/Documents/Unreal Projects/CarelessLuggage/Content/StarterContent/Props/Materials/M_Bush.uasset" 179
"../../../../../../Users/michal/Documents/Unreal Projects/CarelessLuggage/Content/StarterContent/Props/SM_Bush.uasset" 180
"../../../../../../Users/michal/Documents/Unreal Projects/CarelessLuggage/Content/StarterContent/Textures/T_Chair_N.uasset" 181
"../../../../../../Users/michal/Documents/Unreal Projects/CarelessLuggage/Content/StarterContent/Textures/T_Chair_M.uasset" 182
"../../../../../../Users/michal/Documents/Unreal Projects/CarelessLuggage/Content/StarterContent/Props/Materials/M_Chair.uasset" 183
"../../../../../../Users/michal/Documents/Unreal Projects/CarelessLuggage/Content/StarterContent/Props/SM_Couch.uasset" 184
"../../../../../../Users/michal/Documents/Unreal Projects/CarelessLuggage/Content/StarterContent/Textures/T_Door_N.uasset" 185
"../../../../../../Users/michal/Documents/Unreal Projects/CarelessLuggage/Content/StarterContent/Textures/T_Door_M.uasset" 186
"../../../../../../Users/michal/Documents/Unreal Projects/CarelessLuggage/Content/StarterContent/Props/Materials/M_Door.uasset" 187
"../../../../../../Users/michal/Documents/Unreal Projects/CarelessLuggage/Content/StarterContent/Materials/M_Glass.uasset" 188
"../../../../../../Users/michal/Documents/Unreal Projects/CarelessLuggage/Content/StarterContent/Props/SM_Door.uasset" 189
"../../../../../../Users/michal/Documents/Unreal Projects/CarelessLuggage/Content/StarterContent/Props/Materials/M_MaterialSphere_Plain.uasset" 190
"../../../../../../Users/michal/Documents/Unreal Projects/CarelessLuggage/Content/StarterContent/Props/Materials/M_MaterialSphere.uasset" 191
"../../../../../../Users/michal/Documents/Unreal Projects/CarelessLuggage/Content/StarterContent/Props/SM_MatPreviewMesh_02.uasset" 192
"../../../../../../Users/michal/Documents/Unreal Projects/CarelessLuggage/Content/StarterContent/Textures/T_Rock_Basalt_D.uasset" 193
"../../../Engine/Content/Functions/Engine_MaterialFunctions02/Utility/BlendAngleCorrectedNormals.uasset" 194
"../../../../../../Users/michal/Documents/Unreal Projects/CarelessLuggage/Content/StarterContent/Textures/T_RockMesh_N.uasset" 195
"../../../../../../Users/michal/Documents/Unreal Projects/CarelessLuggage/Content/StarterContent/Textures/T_RockMesh_M.uasset" 196
"../../../../../../Users/michal/Documents/Unreal Projects/CarelessLuggage/Content/StarterContent/Textures/T_Detail_Rocky_N.uasset" 197
"../../../../../../Users/michal/Documents/Unreal Projects/CarelessLuggage/Content/StarterContent/Props/Materials/M_Rock.uasset" 198
"../../../../../../Users/michal/Documents/Unreal Projects/CarelessLuggage/Content/StarterContent/Props/SM_Rock.uasset" 199
"../../../../../../Users/michal/Documents/Unreal Projects/CarelessLuggage/Content/StarterContent/Textures/T_Shelf_N.uasset" 200
"../../../../../../Users/michal/Documents/Unreal Projects/CarelessLuggage/Content/StarterContent/Textures/T_Shelf_M.uasset" 201
"../../../../../../Users/michal/Documents/Unreal Projects/CarelessLuggage/Content/StarterContent/Props/Materials/M_Shelf.uasset" 202
"../../../../../../Users/michal/Documents/Unreal Projects/CarelessLuggage/Content/StarterContent/Props/SM_Shelf.uasset" 203
"../../../../../../Users/michal/Documents/Unreal Projects/CarelessLuggage/Content/StarterContent/Materials/M_Basic_Floor.uasset" 204
"../../../../../../Users/michal/Documents/Unreal Projects/CarelessLuggage/Content/StarterContent/Props/SM_Stairs.uasset" 205
"../../../../../../Users/michal/Documents/Unreal Projects/CarelessLuggage/Content/StarterContent/Shapes/Shape_Cone.uasset" 206
"../../../../../../Users/michal/Documents/Unreal Projects/CarelessLuggage/Content/StarterContent/Shapes/Shape_Cylinder.uasset" 207
"../../../../../../Users/michal/Documents/Unreal Projects/CarelessLuggage/Content/StarterContent/Shapes/Shape_NarrowCapsule.uasset" 208
"../../../../../../Users/michal/Documents/Unreal Projects/CarelessLuggage/Content/StarterContent/Shapes/Shape_Pipe.uasset" 209
"../../../../../../Users/michal/Documents/Unreal Projects/CarelessLuggage/Content/StarterContent/Shapes/Shape_Pipe_180.uasset" 210
"../../../../../../Users/michal/Documents/Unreal Projects/CarelessLuggage/Content/StarterContent/Shapes/Shape_Pipe_90.uasset" 211
"../../../../../../Users/michal/Documents/Unreal Projects/CarelessLuggage/Content/StarterContent/Shapes/Shape_Plane.uasset" 212
"../../../../../../Users/michal/Documents/Unreal Projects/CarelessLuggage/Content/StarterContent/Shapes/Shape_Torus.uasset" 213
"../../../../../../Users/michal/Documents/Unreal Projects/CarelessLuggage/Content/StarterContent/Shapes/Shape_Trim.uasset" 214
"../../../../../../Users/michal/Documents/Unreal Projects/CarelessLuggage/Content/StarterContent/Shapes/Shape_Trim_90_In.uasset" 215
"../../../../../../Users/michal/Documents/Unreal Projects/CarelessLuggage/Content/StarterContent/Shapes/Shape_Trim_90_Out.uasset" 216
"../../../../../../Users/michal/Documents/Unreal Projects/CarelessLuggage/Content/StarterContent/Shapes/Shape_TriPyramid.uasset" 217
"../../../../../../Users/michal/Documents/Unreal Projects/CarelessLuggage/Content/StarterContent/Shapes/Shape_Tube.uasset" 218
"../../../../../../Users/michal/Documents/Unreal Projects/CarelessLuggage/Content/StarterContent/Shapes/Shape_Wedge_A.uasset" 219
"../../../../../../Users/michal/Documents/Unreal Projects/CarelessLuggage/Content/StarterContent/Shapes/Shape_Wedge_B.uasset" 220
"../../../../../../Users/michal/Documents/Unreal Projects/CarelessLuggage/Content/StarterContent/Shapes/Shape_WideCapsule.uasset" 221
"../../../../../../Users/michal/Documents/Unreal Projects/CarelessLuggage/Content/Vehicle/Textures/VehicleJoystick_BackgroundR.uasset" 222
"../../../../../../Users/michal/Documents/Unreal Projects/CarelessLuggage/Content/Vehicle/Textures/VehicleJoystick_BackgroundL.uasset" 223
"../../../Engine/Content/MobileResources/HUD/VirtualJoystick_Thumb.uasset" 224
"../../../../../../Users/michal/Documents/Unreal Projects/CarelessLuggage/Content/Vehicle/Sedan/SedanVirtualJoysticks.uasset" 225
"../../../../../../Users/michal/Documents/Unreal Projects/CarelessLuggage/Content/Vehicle/Sedan/Materials/M_Vehicle_Sedan_Inst_Paint.uasset" 226
"../../../../../../Users/michal/Documents/Unreal Projects/CarelessLuggage/Content/VehicleBP/VehicleOverview.uasset" 227
"../../../../../../Users/michal/Documents/Unreal Projects/CarelessLuggage/Content/VehicleBP/Blueprints/VehicleGameMode.uasset" 228
"../../../Engine/Content/ArtTools/RenderToTexture/Meshes/S_1_Unit_Plane.uasset" 229
"../../../Engine/Content/EngineMaterials/DefaultMaterial.uasset" 230
"../../../Engine/Content/BasicShapes/Cone.uasset" 231
"../../../Engine/Content/BasicShapes/Sphere.uasset" 232
"../../../Engine/Content/EditorLandscapeResources/DataLayer.uasset" 233
"../../../Engine/Content/EditorLandscapeResources/DefaultAlphaTexture.uasset" 234
"../../../Engine/Content/EditorMaterials/MAT_Groups_Toggle.uasset" 235
"../../../Engine/Content/EditorMaterials/MAT_Groups_Visibility.uasset" 236
"../../../Engine/Content/EditorMaterials/PreviewShadowIndicator.uasset" 237
"../../../Engine/Content/EditorMaterials/PreviewShadowIndicatorMaterial.uasset" 238
"../../../Engine/Content/EditorMaterials/MatineeGroups/MAT_ColorTrack.uasset" 239
"../../../Engine/Content/EditorMaterials/MatineeGroups/MAT_Groups_Anim.uasset" 240
"../../../Engine/Content/EditorMaterials/MatineeGroups/MAT_Groups_AudioMaster.uasset" 241
"../../../Engine/Content/EditorMaterials/MatineeGroups/MAT_Groups_Director.uasset" 242
"../../../Engine/Content/EditorMaterials/MatineeGroups/MAT_Groups_Event.uasset" 243
"../../../Engine/Content/EditorMaterials/MatineeGroups/MAT_Groups_Fade.uasset" 244
"../../../Engine/Content/EditorMaterials/MatineeGroups/MAT_Groups_Float.uasset" 245
"../../../Engine/Content/EditorMaterials/MatineeGroups/MAT_Groups_Move.uasset" 246
"../../../Engine/Content/EditorMaterials/MatineeGroups/MAT_Groups_Slomo.uasset" 247
"../../../Engine/Content/EditorMaterials/MatineeGroups/MAT_Groups_Sound.uasset" 248
"../../../Engine/Content/EditorMaterials/MatineeGroups/MAT_Groups_Vector.uasset" 249
"../../../Engine/Content/EditorMaterials/ParticleSystems/PSysThumbnail_NoImage.uasset" 250
"../../../Engine/Content/EditorMaterials/ParticleSystems/PSysThumbnail_OOD.uasset" 251
"../../../Engine/Content/EditorMaterials/Camera/CineMat.uasset" 252
"../../../Engine/Content/EditorMaterials/Camera/MI_CineMat_Rig.uasset" 253
"../../../Engine/Content/EditorMeshes/Camera/SM_CraneRig_Arm.uasset" 254
"../../../Engine/Content/EditorMeshes/Camera/SM_CraneRig_Base.uasset" 255
"../../../Engine/Content/EditorMeshes/Camera/SM_CraneRig_Body.uasset" 256
"../../../Engine/Content/EditorMeshes/Camera/SM_CraneRig_Mount.uasset" 257
"../../../Engine/Content/EditorMeshes/Camera/SM_RailRig_Mount.uasset" 258
"../../../Engine/Content/EditorMeshes/Camera/SM_RailRig_Track.uasset" 259
"../../../Engine/Content/EditorResources/BSPVertex.uasset" 260
"../../../Engine/Content/EditorResources/EmptyActor.uasset" 261
"../../../Engine/Content/EditorResources/S_Actor.uasset" 262
"../../../Engine/Content/EditorResources/S_Note.uasset" 263
"../../../Engine/Content/EditorResources/S_Solver.uasset" 264
"../../../Engine/Content/EditorResources/S_Terrain.uasset" 265
"../../../Engine/Content/EditorResources/S_Trigger.uasset" 266
"../../../Engine/Content/EditorResources/AudioIcons/S_AudioComponent.uasset" 267
"../../../Engine/Content/EditorResources/AudioIcons/S_AudioComponent_AutoActivate.uasset" 268
"../../../Engine/Content/EditorResources/LightIcons/S_LightError.uasset" 269
"../../../Engine/Content/EditorResources/SequenceRecorder/Countdown.uasset" 270
"../../../Engine/Content/EditorResources/SequenceRecorder/RecordingIndicator.uasset" 271
"../../../Engine/Content/EngineDamageTypes/DmgTypeBP_Environmental.uasset" 272
"../../../Engine/Content/EngineDebugMaterials/DebugEditorMaterial.uasset" 273
"../../../Engine/Content/EngineDebugMaterials/DebugMeshMaterial.uasset" 274
"../../../Engine/Content/EngineDebugMaterials/M_SimpleUnlitTranslucent.uasset" 275
"../../../Engine/Content/EngineDebugMaterials/VolumeToRender.uasset" 276
"../../../Engine/Content/Functions/Engine_MaterialFunctions02/Utility/CameraDirectionVector.uasset" 277
"../../../Engine/Content/EngineDebugMaterials/M_VolumeRenderSphereTracePP.uasset" 278
"../../../Engine/Content/Functions/Engine_MaterialFunctions01/Shading/ConvertFromDiffSpec.uasset" 279
"../../../Engine/Content/EngineDebugMaterials/VertexColorMaterial.uasset" 280
"../../../Engine/Content/EngineDebugMaterials/WireframeMaterial.uasset" 281
"../../../Engine/Content/EngineFonts/Faces/RobotoRegular.uasset" 282
"../../../Engine/Content/EngineFonts/Faces/RobotoLight.uasset" 283
"../../../Engine/Content/EngineFonts/Faces/RobotoItalic.uasset" 284
"../../../Engine/Content/EngineFonts/Faces/RobotoBoldItalic.uasset" 285
"../../../Engine/Content/EngineFonts/Faces/RobotoBold.uasset" 286
"../../../Engine/Content/EngineFonts/Faces/DroidSansFallback.uasset" 287
"../../../Engine/Content/EngineFonts/Roboto.uasset" 288
"../../../Engine/Content/EngineMaterials/BaseFlattenNormalMap.uasset" 289
"../../../Engine/Content/EngineMaterials/BaseFlattenGrayscaleMap.uasset" 290
"../../../Engine/Content/EngineMaterials/BaseFlattenEmissiveMap.uasset" 291
"../../../Engine/Content/EngineMaterials/BaseFlattenDiffuseMap.uasset" 292
"../../../Engine/Content/EngineMaterials/BaseFlattenMaterial.uasset" 293
"../../../Engine/Content/EngineMaterials/BlueNoise.uasset" 294
"../../../Engine/Content/EngineMaterials/DefaultBloomKernel.uasset" 295
"../../../Engine/Content/EngineMaterials/DefaultBokeh.uasset" 296
"../../../Engine/Content/EngineMaterials/DefaultDiffuse.uasset" 297
"../../../Engine/Content/EngineMaterials/DefaultDeferredDecalMaterial.uasset" 298
"../../../Engine/Content/EngineMaterials/DefaultLightFunctionMaterial.uasset" 299
"../../../Engine/Content/EngineMaterials/DefaultPhysicalMaterial.uasset" 300
"../../../Engine/Content/Functions/Engine_MaterialFunctions02/Utility/BreakOutFloat2Components.uasset" 301
"../../../Engine/Content/EngineMaterials/DefaultPostProcessMaterial.uasset" 302
"../../../Engine/Content/EngineMaterials/DefaultTextMaterialOpaque.uasset" 303
"../../../Engine/Content/EngineMaterials/DefaultWhiteGrid.uasset" 304
"../../../Engine/Content/EngineMaterials/DefaultWhiteGrid_Low.uasset" 305
"../../../Engine/Content/EngineMaterials/EmissiveMeshMaterial.uasset" 306
"../../../Engine/Content/EngineMaterials/GizmoMaterial.uasset" 307
"../../../Engine/Content/EngineMaterials/Good64x64TilingNoiseHighFreq.uasset" 308
"../../../Engine/Content/EngineMaterials/MiniFont.uasset" 309
"../../../Engine/Content/EngineMaterials/InvalidLightmapSettings.uasset" 310
"../../../Engine/Content/EngineMaterials/M_InvalidLightmapSettings.uasset" 311
"../../../Engine/Content/Functions/Engine_MaterialFunctions02/WorldPositionOffset/CameraOffset.uasset" 312
"../../../Engine/Content/EngineMaterials/PhAT_JointLimitMaterial.uasset" 313
"../../../Engine/Content/EngineMaterials/PreintegratedSkinBRDF.uasset" 314
"../../../Engine/Content/EngineMaterials/RemoveSurfaceMaterial.uasset" 315
"../../../Engine/Content/EngineMaterials/WeightMapPlaceholderTexture.uasset" 316
"../../../Engine/Content/EngineResources/WhiteSquareTexture.uasset" 317
"../../../Engine/Content/EngineMaterials/Widget3DPassThrough.uasset" 318
"../../../Engine/Content/EngineMaterials/Widget3DPassThrough_Masked.uasset" 319
"../../../Engine/Content/EngineMaterials/Widget3DPassThrough_Opaque.uasset" 320
"../../../Engine/Content/EngineMaterials/Widget3DPassThrough_Masked_OneSided.uasset" 321
"../../../Engine/Content/EngineMaterials/Widget3DPassThrough_Opaque_OneSided.uasset" 322
"../../../Engine/Content/EngineMaterials/Widget3DPassThrough_Translucent.uasset" 323
"../../../Engine/Content/EngineMaterials/Widget3DPassThrough_Translucent_OneSided.uasset" 324
"../../../Engine/Content/EngineMeshes/Cylinder.uasset" 325
"../../../Engine/Content/EngineMeshes/Sphere.uasset" 326
"../../../Engine/Content/EngineResources/Black.uasset" 327
"../../../Engine/Content/EngineResources/DefaultTextureCube.uasset" 328
"../../../Engine/Content/EngineResources/DefaultVolumeTexture2D.uasset" 329
"../../../Engine/Content/EngineResources/DefaultVolumeTexture.uasset" 330
"../../../Engine/Content/EngineResources/GradientTexture0.uasset" 331
"../../../Engine/Content/EngineSky/VolumetricClouds/T_NoiseShape64.uasset" 332
"../../../Engine/Content/EngineSky/VolumetricClouds/T_VolumeNoiseShape64.uasset" 333
"../../../Engine/Content/EngineSky/VolumetricClouds/T_NoiseErosion.uasset" 334
"../../../Engine/Content/EngineSky/VolumetricClouds/T_VolumeNoiseErosion32.uasset" 335
"../../../Engine/Content/EngineSky/VolumetricClouds/CloudWeatherTexture.uasset" 336
"../../../Engine/Content/EngineSky/VolumetricClouds/CloudGradientTexture.uasset" 337
"../../../Engine/Content/Functions/Engine_MaterialFunctions02/Utility/MakeFloat2.uasset" 338
"../../../Engine/Content/EngineSky/VolumetricClouds/m_SimpleVolumetricCloud.uasset" 339
"../../../Engine/Content/EngineSky/VolumetricClouds/m_SimpleVolumetricCloud_Inst.uasset" 340
"../../../Engine/Content/EngineSounds/Master.uasset" 341
"../../../Engine/Content/Functions/Engine_MaterialFunctions01/Shading/PowerToRoughness.uasset" 342
"../../../Engine/Content/Maps/Templates/Thumbnails/Default.uasset" 343
"../../../Engine/Content/Maps/Templates/Thumbnails/TimeOfDay.uasset" 344
"../../../Engine/Content/Maps/Templates/Thumbnails/VR-Basic.uasset" 345
"../../../Engine/Content/MobileResources/T_MobileControls_texture.uasset" 346
"../../../Engine/Content/MobileResources/T_MobileMenu2.uasset" 347
"../../../Engine/Content/MobileResources/HUD/AnalogHat.uasset" 348
"../../../Engine/Content/MobileResources/HUD/VirtualJoystick_Background.uasset" 349
"../../../Engine/Content/MobileResources/HUD/DefaultVirtualJoysticks.uasset" 350
"../../../Engine/Content/MobileResources/HUD/LeftVirtualJoystickOnly.uasset" 351
"../../../Engine/Content/MobileResources/HUD/MobileHUDButton1_off.uasset" 352
"../../../Engine/Content/MobileResources/HUD/MobileHUDButton1_on.uasset" 353
"../../../Engine/Content/MobileResources/HUD/MobileHUDButton2_off.uasset" 354
"../../../Engine/Content/MobileResources/HUD/MobileHUDButton2_on.uasset" 355
"../../../Engine/Content/MobileResources/HUD/MobileHUDButton3.uasset" 356
"../../../Engine/Content/MobileResources/HUD/MobileHUDButtonFire.uasset" 357
"../../../Engine/Content/MobileResources/HUD/MobileHUDDirectionPad.uasset" 358
"../../../Engine/Content/MobileResources/HUD/MobileHUDDirectionPad2.uasset" 359
"../../../Engine/Content/MobileResources/HUD/MobileHUDDirectionPad3.uasset" 360
"../../../Engine/Content/MobileResources/HUD/MobileHUDDirectionStick.uasset" 361
"../../../Engine/Content/MobileResources/HUD/T_Castle_ThumbstickInner.uasset" 362
"../../../Engine/Content/MobileResources/HUD/T_Castle_ThumbstickOutter.uasset" 363
"../../../Engine/Content/Tutorial/ContentIntroCurve.uasset" 364
"../../../Engine/Content/Tutorial/Basics/LevelEditorAttract.uasset" 365
"../../../Engine/Content/Tutorial/Installation/InstallingVisualStudioTutorial.uasset" 366
"../../../Engine/Content/VREditor/TransformGizmo/TranslucentTransformGizmoMaterial.uasset" 367
"../../../Engine/Content/VREditor/LaserPointer/VR_LaserPower_01.uasset" 368
"../../../Engine/Content/VREditor/TransformGizmo/TransformGizmoMaterial.uasset" 369
"../../../Engine/Content/VREditor/TransformGizmo/BoundingBoxCorner.uasset" 370
"../../../Engine/Content/VREditor/TransformGizmo/BoundingBoxEdge.uasset" 371
"../../../Engine/Content/VREditor/TransformGizmo/PlaneTranslationHandle.uasset" 372
"../../../Engine/Content/VREditor/TransformGizmo/Xray.uasset" 373
"../../../Engine/Content/VREditor/TransformGizmo/Main.uasset" 374
"../../../Engine/Content/VREditor/TransformGizmo/SM_Sequencer_Key.uasset" 375
"../../../Engine/Content/VREditor/TransformGizmo/SM_Sequencer_Node.uasset" 376
"../../Plugins/2D/Paper2D/Content/PlaceholderTextures/DummySpriteTexture.uasset" 377
"../../Plugins/2D/Paper2D/Content/DummySprite.uasset" 378
"../../Plugins/2D/Paper2D/Content/DefaultPaperTerrainMaterial.uasset" 379
"../../Plugins/2D/Paper2D/Content/DefaultSpriteMaterial.uasset" 380
"../../Plugins/2D/Paper2D/Content/MaskedUnlitSpriteMaterial.uasset" 381
"../../Plugins/2D/Paper2D/Content/OpaqueUnlitSpriteMaterial.uasset" 382
"../../../Engine/Content/BasicShapes/Cylinder.uasset" 383
"../../../Engine/Content/ArtTools/RenderToTexture/Materials/Debug/M_Emissive_Color.uasset" 384
"../../Plugins/Lumin/MagicLeapPassableWorld/Content/MagicLeapARPinInfoActor.uasset" 385
"../../../Engine/Content/Functions/Engine_MaterialFunctions02/Utility/BreakOutFloat3Components.uasset" 386
"../../Plugins/Editor/SpeedTreeImporter/Content/SpeedTree9/UnpackInteger3.uasset" 387
"../../Plugins/Editor/SpeedTreeImporter/Content/SpeedTree9/UnpackDirection.uasset" 388
"../../Plugins/Editor/SpeedTreeImporter/Content/SpeedTree9/game_wind_noise.uasset" 389
"../../../Engine/Content/Functions/Engine_MaterialFunctions02/SafeNormalize.uasset" 390
"../../Plugins/Editor/SpeedTreeImporter/Content/SpeedTree9/SpeedTreeWindMotion.uasset" 391
"../../Plugins/Editor/SpeedTreeImporter/Content/SpeedTree9/SpeedTreeBranchMotion.uasset" 392
"../../../Engine/Content/Functions/Engine_MaterialFunctions02/ObjectLocalBounds.uasset" 393
"../../../Engine/Content/Functions/Engine_MaterialFunctions02/UVs/BoundingBoxBased_0-1_UVW.uasset" 394
"../../Plugins/Editor/SpeedTreeImporter/Content/SpeedTree9/SpeedTreeWind.uasset" 395
"../../Plugins/Editor/SpeedTreeImporter/Content/SpeedTree9/SpeedTreeBillboard.uasset" 396
"../../../Engine/Content/EngineResources/DefaultTexture.uasset" 397
"../../Plugins/Editor/SpeedTreeImporter/Content/SpeedTree9/SpeedTreeBillboardMaster.uasset" 398
"../../Plugins/Editor/SpeedTreeImporter/Content/SpeedTree9/SpeedTreeCameraFacing.uasset" 399
"../../Plugins/Editor/SpeedTreeImporter/Content/SpeedTree9/SpeedTreeMaster.uasset" 400
"../../../Engine/Content/Functions/Engine_MaterialFunctions02/Utility/BreakOutFloat4Components.uasset" 401
"../../../Engine/Content/Functions/Engine_MaterialFunctions02/Utility/MakeFloat3.uasset" 402
"../../Plugins/Runtime/Oculus/OculusVR/Content/Materials/OculusMR_ChromaKey.uasset" 403
"../../Plugins/Runtime/Oculus/OculusVR/Content/Materials/OculusMR_OpaqueColoredMaterial.uasset" 404
"../../Plugins/Runtime/Oculus/OculusVR/Content/Materials/PokeAHoleMaterial.uasset" 405
"../../../../../../Users/michal/Documents/Unreal Projects/CarelessLuggage/Content/Models/Terrain/Tree_01.uasset" 406
"../../../../../../Users/michal/Documents/Unreal Projects/CarelessLuggage/Content/Models/Terrain/Runway_Start.uasset" 407
"../../../../../../Users/michal/Documents/Unreal Projects/CarelessLuggage/Content/Models/Terrain/Runway_Number62.uasset" 408
"../../../../../../Users/michal/Documents/Unreal Projects/CarelessLuggage/Content/Models/Terrain/Runway_Middle.uasset" 409
"../../../../../../Users/michal/Documents/Unreal Projects/CarelessLuggage/Content/Models/Terrain/Grass_Dark.uasset" 410
"../../../../../../Users/michal/Documents/Unreal Projects/CarelessLuggage/Content/Models/Planes/Jet05_Jet05.uasset" 411
"../../../../../../Users/michal/Documents/Unreal Projects/CarelessLuggage/Content/Models/Planes/Jet02_Jet02.uasset" 412
"../../../../../../Users/michal/Documents/Unreal Projects/CarelessLuggage/Content/Models/Building/Luggage_Ramp.uasset" 413
"../../../../../../Users/michal/Documents/Unreal Projects/CarelessLuggage/Content/Models/Building/Hanger_Large_Hanger_Large.uasset" 414
"../../../../../../Users/michal/Documents/Unreal Projects/CarelessLuggage/Content/Models/Building/Hanger_Large_Hanger_Door.uasset" 415
"../../../../../../Users/michal/Documents/Unreal Projects/CarelessLuggage/Content/Models/Building/Airport_Tower06.uasset" 416
"../../../../../../Users/michal/Documents/Unreal Projects/CarelessLuggage/Content/Models/Building/Airport_Gangway_Connector.uasset" 417
"../../../../../../Users/michal/Documents/Unreal Projects/CarelessLuggage/Content/Models/Building/Airport_Gangway05_Airport_Gangway05.uasset" 418
"../../../../../../Users/michal/Documents/Unreal Projects/CarelessLuggage/Content/Models/Building/Airport_Gangway04_Airport_Gangway04.uasset" 419
"../../../../../../Users/michal/Documents/Unreal Projects/CarelessLuggage/Content/Models/Building/Airport_Gangway02_Airport_Gangway02.uasset" 420
"../../../../../../Users/michal/Documents/Unreal Projects/CarelessLuggage/Content/Models/Building/Airport_Building04_Airport_Building04.uasset" 421
"../../../../../../Users/michal/Documents/Unreal Projects/CarelessLuggage/Content/Models/Building/Airport_Building03_Airport_Building03.uasset" 422
"../../../../../../Users/michal/Documents/Unreal Projects/CarelessLuggage/Content/Models/Building/Airport_Building02_Airport_Building02.uasset" 423
"../../../../../../Users/michal/Documents/Unreal Projects/CarelessLuggage/Content/Models/Building/Airport_Building01_Top_Airport_Building01_Top.uasset" 424
"../../../../../../Users/michal/Documents/Unreal Projects/CarelessLuggage/Content/Models/Building/Airport_Building01_Airport_Building01.uasset" 425
"../../../Engine/Content/EngineSky/T_Sky_Stars.uasset" 426
"../../../Engine/Content/EngineSky/T_Sky_Clouds_M.uasset" 427
"../../../Engine/Content/EngineSky/T_Sky_Blue.uasset" 428
"../../../Engine/Content/EngineSky/M_Sky_Panning_Clouds2.uasset" 429
"../../../../../../Users/michal/Documents/Unreal Projects/CarelessLuggage/Content/Models/Planes/Jet03_Jet03.uasset" 430
"../../../../../../Users/michal/Documents/Unreal Projects/CarelessLuggage/Content/Maps/Airport_BuiltData.uasset" 431
"../../../Engine/Content/EngineSky/SM_SkySphere.uasset" 432
"../../../Engine/Content/EngineSky/C_Sky_Zenith_Color.uasset" 433
"../../../Engine/Content/EngineSky/C_Sky_Horizon_Color.uasset" 434
"../../../Engine/Content/EngineSky/C_Sky_Cloud_Color.uasset" 435
"../../../Engine/Content/EngineSky/BP_Sky_Sphere.uasset" 436
"../../../../../../Users/michal/Documents/Unreal Projects/CarelessLuggage/Content/Maps/Airport.umap" 437
"../../../../../../Users/michal/Documents/Unreal Projects/CarelessLuggage/Content/Maps/AirportMichal_BuiltData.uasset" 438
"../../../../../../Users/michal/Documents/Unreal Projects/CarelessLuggage/Content/Models/Bags/Bag05_B.uasset" 439
"../../../../../../Users/michal/Documents/Unreal Projects/CarelessLuggage/Content/Blueprints/ConcreteLuggage/brownstripped.uasset" 440
"../../../../../../Users/michal/Documents/Unreal Projects/CarelessLuggage/Content/Models/Bags/Bag01_A.uasset" 441
"../../../../../../Users/michal/Documents/Unreal Projects/CarelessLuggage/Content/Blueprints/ConcreteLuggage/Brown.uasset" 442
"../../../../../../Users/michal/Documents/Unreal Projects/CarelessLuggage/Content/Models/Bags/Bag02_B.uasset" 443
"../../../../../../Users/michal/Documents/Unreal Projects/CarelessLuggage/Content/Blueprints/ConcreteLuggage/blue2.uasset" 444
"../../../../../../Users/michal/Documents/Unreal Projects/CarelessLuggage/Content/Models/Bags/Bag01_C.uasset" 445
"../../../../../../Users/michal/Documents/Unreal Projects/CarelessLuggage/Content/Blueprints/ConcreteLuggage/Blue.uasset" 446
"../../../../../../Users/michal/Documents/Unreal Projects/CarelessLuggage/Content/Models/Bags/Bag03_B.uasset" 447
"../../../../../../Users/michal/Documents/Unreal Projects/CarelessLuggage/Content/Blueprints/ConcreteLuggage/blackstripped.uasset" 448
"../../../../../../Users/michal/Documents/Unreal Projects/CarelessLuggage/Content/Models/Bags/Bag04_B.uasset" 449
"../../../../../../Users/michal/Documents/Unreal Projects/CarelessLuggage/Content/Blueprints/ConcreteLuggage/blacknice.uasset" 450
"../../../../../../Users/michal/Documents/Unreal Projects/CarelessLuggage/Content/Models/Bags/Bag02_A.uasset" 451
"../../../../../../Users/michal/Documents/Unreal Projects/CarelessLuggage/Content/Blueprints/ConcreteLuggage/black.uasset" 452
"../../../../../../Users/michal/Documents/Unreal Projects/CarelessLuggage/Content/Models/Bags/Bag04_A.uasset" 453
"../../../../../../Users/michal/Documents/Unreal Projects/CarelessLuggage/Content/Blueprints/ConcreteLuggage/turquoise.uasset" 454
"../../../../../../Users/michal/Documents/Unreal Projects/CarelessLuggage/Content/Models/Bags/Bag03_A.uasset" 455
"../../../../../../Users/michal/Documents/Unreal Projects/CarelessLuggage/Content/Blueprints/ConcreteLuggage/redstripped.uasset" 456
"../../../../../../Users/michal/Documents/Unreal Projects/CarelessLuggage/Content/Models/Bags/Bag04_C.uasset" 457
"../../../../../../Users/michal/Documents/Unreal Projects/CarelessLuggage/Content/Blueprints/ConcreteLuggage/orangenice.uasset" 458
"../../../../../../Users/michal/Documents/Unreal Projects/CarelessLuggage/Content/Models/Bags/Bag05_A.uasset" 459
"../../../../../../Users/michal/Documents/Unreal Projects/CarelessLuggage/Content/Blueprints/ConcreteLuggage/lightyellow.uasset" 460
"../../../../../../Users/michal/Documents/Unreal Projects/CarelessLuggage/Content/Models/Bags/Bag05_C.uasset" 461
"../../../../../../Users/michal/Documents/Unreal Projects/CarelessLuggage/Content/Blueprints/ConcreteLuggage/greenstrippedblack.uasset" 462
"../../../../../../Users/michal/Documents/Unreal Projects/CarelessLuggage/Content/Models/Bags/Bag03_C.uasset" 463
"../../../../../../Users/michal/Documents/Unreal Projects/CarelessLuggage/Content/Blueprints/ConcreteLuggage/greenstripped.uasset" 464
"../../../../../../Users/michal/Documents/Unreal Projects/CarelessLuggage/Content/Models/Bags/Bag02_C.uasset" 465
"../../../../../../Users/michal/Documents/Unreal Projects/CarelessLuggage/Content/Blueprints/ConcreteLuggage/green2.uasset" 466
"../../../../../../Users/michal/Documents/Unreal Projects/CarelessLuggage/Content/Blueprints/ConcreteLuggage/green.uasset" 467
"../../../../../../Users/michal/Documents/Unreal Projects/CarelessLuggage/Content/LuggageSpawner/LuggageSpawner.uasset" 468
"../../../../../../Users/michal/Documents/Unreal Projects/CarelessLuggage/Content/Maps/AirportMichal.umap" 469
"../../../../../../Users/michal/Documents/Unreal Projects/CarelessLuggage/Content/Maps/Airport_Nick.umap" 470
"../../../../../../Users/michal/Documents/Unreal Projects/CarelessLuggage/Content/Maps/CrashRespawn.umap" 471
"../../../../../../Users/michal/Documents/Unreal Projects/CarelessLuggage/Content/Maps/Main.umap" 472
"../../../../../../Users/michal/Documents/Unreal Projects/CarelessLuggage/Content/Maps/MainMichal.umap" 473
"../../../../../../Users/michal/Documents/Unreal Projects/CarelessLuggage/Content/StarterContent/HDRI/HDRI_Epic_Courtyard_Daylight.uasset" 474
"../../../../../../Users/michal/Documents/Unreal Projects/CarelessLuggage/Content/StarterContent/Blueprints/Assets/SM_Arrows.uasset" 475
"../../../Engine/Content/EditorMaterials/Thumbnails/SkySphereMaterial.uasset" 476
"../../../../../../Users/michal/Documents/Unreal Projects/CarelessLuggage/Content/StarterContent/Blueprints/Assets/Skybox.uasset" 477
"../../../Engine/Content/MapTemplates/Sky/DaylightAmbientCubemap.uasset" 478
"../../../../../../Users/michal/Documents/Unreal Projects/CarelessLuggage/Content/StarterContent/Blueprints/Assets/M_LightStage_Skybox_Master.uasset" 479
"../../../../../../Users/michal/Documents/Unreal Projects/CarelessLuggage/Content/StarterContent/Blueprints/Assets/M_LightStage_Skybox_HDRI.uasset" 480
"../../../../../../Users/michal/Documents/Unreal Projects/CarelessLuggage/Content/StarterContent/Blueprints/Assets/M_LightStage_Skybox_Black.uasset" 481
"../../../../../../Users/michal/Documents/Unreal Projects/CarelessLuggage/Content/StarterContent/Blueprints/Assets/M_LightStage_Arrows.uasset" 482
"../../../../../../Users/michal/Documents/Unreal Projects/CarelessLuggage/Content/StarterContent/Blueprints/Assets/SunlightColorLUT.uasset" 483
"../../../../../../Users/michal/Documents/Unreal Projects/CarelessLuggage/Content/StarterContent/Blueprints/Assets/FogBrightnessLUT.uasset" 484
"../../../../../../Users/michal/Documents/Unreal Projects/CarelessLuggage/Content/StarterContent/Blueprints/BP_LightStudio.uasset" 485
"../../../../../../Users/michal/Documents/Unreal Projects/CarelessLuggage/Content/StarterContent/Materials/M_AssetPlatform.uasset" 486
"../../../../../../Users/michal/Documents/Unreal Projects/CarelessLuggage/Content/StarterContent/Architecture/SM_AssetPlatform.uasset" 487
"../../../Engine/Content/EditorMeshes/ColorCalibrator/M_GreyBall.uasset" 488
"../../../Engine/Content/EditorMeshes/ColorCalibrator/Color_checker.uasset" 489
"../../../Engine/Content/EditorMeshes/ColorCalibrator/M_ColorGrid.uasset" 490
"../../../Engine/Content/EditorMeshes/ColorCalibrator/M_ClearCoatBlack.uasset" 491
"../../../Engine/Content/EditorMeshes/ColorCalibrator/M_ClearCoat.uasset" 492
"../../../Engine/Content/EditorMeshes/ColorCalibrator/M_ChromeBall.uasset" 493
"../../../Engine/Content/EditorMeshes/ColorCalibrator/SM_ColorCalibrator.uasset" 494
"../../../../../../Users/michal/Documents/Unreal Projects/CarelessLuggage/Content/StarterContent/Maps/Advanced_Lighting_BuiltData.uasset" 495
"../../../../../../Users/michal/Documents/Unreal Projects/CarelessLuggage/Content/StarterContent/Maps/Advanced_Lighting.umap" 496
"../../../../../../Users/michal/Documents/Unreal Projects/CarelessLuggage/Content/StarterContent/Audio/Starter_Background_Cue.uasset" 497
"../../../../../../Users/michal/Documents/Unreal Projects/CarelessLuggage/Content/StarterContent/Textures/T_TableRound_N.uasset" 498
"../../../../../../Users/michal/Documents/Unreal Projects/CarelessLuggage/Content/StarterContent/Textures/T_TableRound_M.uasset" 499
"../../../../../../Users/michal/Documents/Unreal Projects/CarelessLuggage/Content/StarterContent/Props/Materials/M_TableRound.uasset" 500
"../../../../../../Users/michal/Documents/Unreal Projects/CarelessLuggage/Content/StarterContent/Props/SM_TableRound.uasset" 501
"../../../../../../Users/michal/Documents/Unreal Projects/CarelessLuggage/Content/StarterContent/Textures/T_Statue_N.uasset" 502
"../../../../../../Users/michal/Documents/Unreal Projects/CarelessLuggage/Content/StarterContent/Textures/T_Statue_M.uasset" 503
"../../../../../../Users/michal/Documents/Unreal Projects/CarelessLuggage/Content/StarterContent/Props/Materials/M_Statue.uasset" 504
"../../../../../../Users/michal/Documents/Unreal Projects/CarelessLuggage/Content/StarterContent/Props/Materials/M_StatueGlass.uasset" 505
"../../../../../../Users/michal/Documents/Unreal Projects/CarelessLuggage/Content/StarterContent/Props/SM_Statue.uasset" 506
"../../../../../../Users/michal/Documents/Unreal Projects/CarelessLuggage/Content/StarterContent/Props/SM_Chair.uasset" 507
"../../../../../../Users/michal/Documents/Unreal Projects/CarelessLuggage/Content/StarterContent/Architecture/Floor_400x400.uasset" 508
"../../../../../../Users/michal/Documents/Unreal Projects/CarelessLuggage/Content/StarterContent/Textures/T_Metal_Copper_D.uasset" 509
"../../../../../../Users/michal/Documents/Unreal Projects/CarelessLuggage/Content/StarterContent/Textures/T_Metal_Gold_N.uasset" 510
"../../../../../../Users/michal/Documents/Unreal Projects/CarelessLuggage/Content/StarterContent/Materials/M_Metal_Copper.uasset" 511
"../../../../../../Users/michal/Documents/Unreal Projects/CarelessLuggage/Content/StarterContent/Textures/T_Metal_Aluminum_D.uasset" 512
"../../../../../../Users/michal/Documents/Unreal Projects/CarelessLuggage/Content/StarterContent/Materials/M_Metal_Burnished_Steel.uasset" 513
"../../../../../../Users/michal/Documents/Unreal Projects/CarelessLuggage/Content/StarterContent/Materials/M_Metal_Brushed_Nickel.uasset" 514
"../../../../../../Users/michal/Documents/Unreal Projects/CarelessLuggage/Content/StarterContent/Maps/Minimal_Default_BuiltData.uasset" 515
"../../../../../../Users/michal/Documents/Unreal Projects/CarelessLuggage/Content/StarterContent/Maps/Minimal_Default.umap" 516
"../../../../../../Users/michal/Documents/Unreal Projects/CarelessLuggage/Content/StarterContent/Textures/T_Lamp_N.uasset" 517
"../../../../../../Users/michal/Documents/Unreal Projects/CarelessLuggage/Content/StarterContent/Textures/T_Lamp_M.uasset" 518
"../../../../../../Users/michal/Documents/Unreal Projects/CarelessLuggage/Content/StarterContent/Props/Materials/M_Lamp.uasset" 519
"../../../../../../Users/michal/Documents/Unreal Projects/CarelessLuggage/Content/StarterContent/Props/SM_Lamp_Wall.uasset" 520
"../../../../../../Users/michal/Documents/Unreal Projects/CarelessLuggage/Content/StarterContent/Blueprints/Blueprint_WallSconce.uasset" 521
"../../../../../../Users/michal/Documents/Unreal Projects/CarelessLuggage/Content/StarterContent/Particles/P_Steam_Lit.uasset" 522
"../../../../../../Users/michal/Documents/Unreal Projects/CarelessLuggage/Content/StarterContent/Audio/Steam01_Cue.uasset" 523
"../../../../../../Users/michal/Documents/Unreal Projects/CarelessLuggage/Content/StarterContent/Blueprints/Blueprint_Effect_Steam.uasset" 524
"../../../../../../Users/michal/Documents/Unreal Projects/CarelessLuggage/Content/StarterContent/Textures/T_Spark_Core.uasset" 525
"../../../../../../Users/michal/Documents/Unreal Projects/CarelessLuggage/Content/StarterContent/Particles/Materials/M_Spark.uasset" 526
"../../../../../../Users/michal/Documents/Unreal Projects/CarelessLuggage/Content/StarterContent/Particles/Materials/M_Radial_Gradient.uasset" 527
"../../../../../../Users/michal/Documents/Unreal Projects/CarelessLuggage/Content/StarterContent/Particles/P_Sparks.uasset" 528
"../../../../../../Users/michal/Documents/Unreal Projects/CarelessLuggage/Content/StarterContent/Audio/Fire_Sparks01_Cue.uasset" 529
"../../../../../../Users/michal/Documents/Unreal Projects/CarelessLuggage/Content/StarterContent/Blueprints/Blueprint_Effect_Sparks.uasset" 530
"../../../../../../Users/michal/Documents/Unreal Projects/CarelessLuggage/Content/StarterContent/Particles/P_Smoke.uasset" 531
"../../../../../../Users/michal/Documents/Unreal Projects/CarelessLuggage/Content/StarterContent/Audio/Smoke01_Cue.uasset" 532
"../../../../../../Users/michal/Documents/Unreal Projects/CarelessLuggage/Content/StarterContent/Blueprints/Blueprint_Effect_Smoke.uasset" 533
"../../../../../../Users/michal/Documents/Unreal Projects/CarelessLuggage/Content/StarterContent/Textures/T_Water_N.uasset" 534
"../../../../../../Users/michal/Documents/Unreal Projects/CarelessLuggage/Content/StarterContent/Particles/Materials/M_Heat_Distortion.uasset" 535
"../../../../../../Users/michal/Documents/Unreal Projects/CarelessLuggage/Content/StarterContent/Textures/T_Fire_Tiled_D.uasset" 536
"../../../../../../Users/michal/Documents/Unreal Projects/CarelessLuggage/Content/StarterContent/Textures/T_Fire_SubUV.uasset" 537
"../../../../../../Users/michal/Documents/Unreal Projects/CarelessLuggage/Content/StarterContent/Particles/Materials/M_Fire_SubUV.uasset" 538
"../../../../../../Users/michal/Documents/Unreal Projects/CarelessLuggage/Content/StarterContent/Particles/P_Fire.uasset" 539
"../../../../../../Users/michal/Documents/Unreal Projects/CarelessLuggage/Content/StarterContent/Audio/Fire01_Cue.uasset" 540
"../../../../../../Users/michal/Documents/Unreal Projects/CarelessLuggage/Content/StarterContent/Blueprints/Blueprint_Effect_Fire.uasset" 541
"../../../../../../Users/michal/Documents/Unreal Projects/CarelessLuggage/Content/StarterContent/Props/SM_Lamp_Ceiling.uasset" 542
"../../../../../../Users/michal/Documents/Unreal Projects/CarelessLuggage/Content/StarterContent/Blueprints/Blueprint_CeilingLight.uasset" 543
"../../../../../../Users/michal/Documents/Unreal Projects/CarelessLuggage/Content/StarterContent/Audio/Starter_Music_Cue.uasset" 544
"../../../../../../Users/michal/Documents/Unreal Projects/CarelessLuggage/Content/StarterContent/Audio/Collapse_Cue.uasset" 545
"../../../../../../Users/michal/Documents/Unreal Projects/CarelessLuggage/Content/StarterContent/Architecture/Wall_Window_400x300.uasset" 546
"../../../../../../Users/michal/Documents/Unreal Projects/CarelessLuggage/Content/StarterContent/Architecture/Wall_Door_400x300.uasset" 547
"../../../../../../Users/michal/Documents/Unreal Projects/CarelessLuggage/Content/StarterContent/Architecture/Wall_400x200.uasset" 548
"../../../../../../Users/michal/Documents/Unreal Projects/CarelessLuggage/Content/StarterContent/Shapes/Shape_Sphere.uasset" 549
"../../../../../../Users/michal/Documents/Unreal Projects/CarelessLuggage/Content/StarterContent/Shapes/Shape_QuadPyramid.uasset" 550
"../../../../../../Users/michal/Documents/Unreal Projects/CarelessLuggage/Content/StarterContent/Shapes/Shape_Cube.uasset" 551
"../../../../../../Users/michal/Documents/Unreal Projects/CarelessLuggage/Content/StarterContent/Textures/T_Frame_N.uasset" 552
"../../../../../../Users/michal/Documents/Unreal Projects/CarelessLuggage/Content/StarterContent/Textures/T_Frame_M.uasset" 553
"../../../../../../Users/michal/Documents/Unreal Projects/CarelessLuggage/Content/StarterContent/Props/Materials/M_Frame.uasset" 554
"../../../../../../Users/michal/Documents/Unreal Projects/CarelessLuggage/Content/StarterContent/Props/SM_WindowFrame.uasset" 555
"../../../../../../Users/michal/Documents/Unreal Projects/CarelessLuggage/Content/StarterContent/Props/SM_PillarFrame300.uasset" 556
"../../../../../../Users/michal/Documents/Unreal Projects/CarelessLuggage/Content/StarterContent/Props/SM_PillarFrame.uasset" 557
"../../../../../../Users/michal/Documents/Unreal Projects/CarelessLuggage/Content/StarterContent/Props/SM_GlassWindow.uasset" 558
"../../../../../../Users/michal/Documents/Unreal Projects/CarelessLuggage/Content/StarterContent/Props/SM_DoorFrame.uasset" 559
"../../../../../../Users/michal/Documents/Unreal Projects/CarelessLuggage/Content/StarterContent/Props/SM_CornerFrame.uasset" 560
"../../../../../../Users/michal/Documents/Unreal Projects/CarelessLuggage/Content/StarterContent/Props/MaterialSphere.uasset" 561
"../../../../../../Users/michal/Documents/Unreal Projects/CarelessLuggage/Content/StarterContent/Textures/T_Dust_Particle_D.uasset" 562
"../../../../../../Users/michal/Documents/Unreal Projects/CarelessLuggage/Content/StarterContent/Particles/Materials/M_Dust_Particle.uasset" 563
"../../../../../../Users/michal/Documents/Unreal Projects/CarelessLuggage/Content/StarterContent/Particles/P_Ambient_Dust.uasset" 564
"../../../../../../Users/michal/Documents/Unreal Projects/CarelessLuggage/Content/StarterContent/Textures/T_Wood_Walnut_N.uasset" 565
"../../../../../../Users/michal/Documents/Unreal Projects/CarelessLuggage/Content/StarterContent/Textures/T_Wood_Walnut_D.uasset" 566
"../../../../../../Users/michal/Documents/Unreal Projects/CarelessLuggage/Content/StarterContent/Materials/M_Wood_Walnut.uasset" 567
"../../../../../../Users/michal/Documents/Unreal Projects/CarelessLuggage/Content/StarterContent/Textures/T_Wood_Pine_N.uasset" 568
"../../../../../../Users/michal/Documents/Unreal Projects/CarelessLuggage/Content/StarterContent/Textures/T_Wood_Pine_D.uasset" 569
"../../../../../../Users/michal/Documents/Unreal Projects/CarelessLuggage/Content/StarterContent/Textures/T_Perlin_Noise_M.uasset" 570
"../../../../../../Users/michal/Documents/Unreal Projects/CarelessLuggage/Content/StarterContent/Materials/M_Wood_Pine.uasset" 571
"../../../../../../Users/michal/Documents/Unreal Projects/CarelessLuggage/Content/StarterContent/Textures/T_Wood_Oak_N.uasset" 572
"../../../../../../Users/michal/Documents/Unreal Projects/CarelessLuggage/Content/StarterContent/Textures/T_Wood_Oak_D.uasset" 573
"../../../../../../Users/michal/Documents/Unreal Projects/CarelessLuggage/Content/StarterContent/Materials/M_Wood_Oak.uasset" 574
"../../../Engine/Content/Functions/Engine_MaterialFunctions01/Opacity/AlphaOffset.uasset" 575
"../../../../../../Users/michal/Documents/Unreal Projects/CarelessLuggage/Content/StarterContent/Textures/T_Wood_Floor_Walnut_N.uasset" 576
"../../../../../../Users/michal/Documents/Unreal Projects/CarelessLuggage/Content/StarterContent/Textures/T_Wood_Floor_Walnut_M.uasset" 577
"../../../../../../Users/michal/Documents/Unreal Projects/CarelessLuggage/Content/StarterContent/Textures/T_Wood_Floor_Walnut_D.uasset" 578
"../../../../../../Users/michal/Documents/Unreal Projects/CarelessLuggage/Content/StarterContent/Materials/M_Wood_Floor_Walnut_Worn.uasset" 579
"../../../../../../Users/michal/Documents/Unreal Projects/CarelessLuggage/Content/StarterContent/Materials/M_Wood_Floor_Walnut_Polished.uasset" 580
"../../../../../../Users/michal/Documents/Unreal Projects/CarelessLuggage/Content/StarterContent/Textures/T_Water_M.uasset" 581
"../../../../../../Users/michal/Documents/Unreal Projects/CarelessLuggage/Content/StarterContent/Materials/M_Water_Ocean.uasset" 582
"../../../../../../Users/michal/Documents/Unreal Projects/CarelessLuggage/Content/StarterContent/Materials/M_Water_Lake.uasset" 583
"../../../../../../Users/michal/Documents/Unreal Projects/CarelessLuggage/Content/StarterContent/Textures/T_Tech_Panel_N.uasset" 584
"../../../../../../Users/michal/Documents/Unreal Projects/CarelessLuggage/Content/StarterContent/Textures/T_Tech_Panel_M.uasset" 585
"../../../../../../Users/michal/Documents/Unreal Projects/CarelessLuggage/Content/StarterContent/Textures/T_Metal_Steel_D.uasset" 586
"../../../../../../Users/michal/Documents/Unreal Projects/CarelessLuggage/Content/StarterContent/Materials/M_Tech_Panel.uasset" 587
"../../../../../../Users/michal/Documents/Unreal Projects/CarelessLuggage/Content/StarterContent/Textures/T_Tech_Hex_Tile_N.uasset" 588
"../../../../../../Users/michal/Documents/Unreal Projects/CarelessLuggage/Content/StarterContent/Textures/T_Tech_Hex_Tile_M.uasset" 589
"../../../../../../Users/michal/Documents/Unreal Projects/CarelessLuggage/Content/StarterContent/Materials/M_Tech_Hex_Tile_Pulse.uasset" 590
"../../../../../../Users/michal/Documents/Unreal Projects/CarelessLuggage/Content/StarterContent/Materials/M_Tech_Hex_Tile.uasset" 591
"../../../../../../Users/michal/Documents/Unreal Projects/CarelessLuggage/Content/StarterContent/Textures/T_Tech_Dot_N.uasset" 592
"../../../../../../Users/michal/Documents/Unreal Projects/CarelessLuggage/Content/StarterContent/Textures/T_Tech_Dot_M.uasset" 593
"../../../../../../Users/michal/Documents/Unreal Projects/CarelessLuggage/Content/StarterContent/Textures/T_Single_Tile_N.uasset" 594
"../../../../../../Users/michal/Documents/Unreal Projects/CarelessLuggage/Content/StarterContent/Textures/T_Checker_Noise_M.uasset" 595
"../../../../../../Users/michal/Documents/Unreal Projects/CarelessLuggage/Content/StarterContent/Materials/M_Tech_Checker_Dot.uasset" 596
"../../../../../../Users/michal/Documents/Unreal Projects/CarelessLuggage/Content/StarterContent/Textures/T_Rock_Slate_N.uasset" 597
"../../../../../../Users/michal/Documents/Unreal Projects/CarelessLuggage/Content/StarterContent/Textures/T_Rock_Slate_D.uasset" 598
"../../../../../../Users/michal/Documents/Unreal Projects/CarelessLuggage/Content/StarterContent/Materials/M_Rock_Slate.uasset" 599
"../../../../../../Users/michal/Documents/Unreal Projects/CarelessLuggage/Content/StarterContent/Textures/T_Rock_Sandstone_N.uasset" 600
"../../../../../../Users/michal/Documents/Unreal Projects/CarelessLuggage/Content/StarterContent/Textures/T_Rock_Sandstone_D.uasset" 601
"../../../../../../Users/michal/Documents/Unreal Projects/CarelessLuggage/Content/StarterContent/Materials/M_Rock_Sandstone.uasset" 602
"../../../../../../Users/michal/Documents/Unreal Projects/CarelessLuggage/Content/StarterContent/Textures/T_Rock_Marble_Polished_D.uasset" 603
"../../../../../../Users/michal/Documents/Unreal Projects/CarelessLuggage/Content/StarterContent/Materials/M_Rock_Marble_Polished.uasset" 604
"../../../../../../Users/michal/Documents/Unreal Projects/CarelessLuggage/Content/StarterContent/Textures/T_Rock_Basalt_N.uasset" 605
"../../../../../../Users/michal/Documents/Unreal Projects/CarelessLuggage/Content/StarterContent/Materials/M_Rock_Basalt.uasset" 606
"../../../../../../Users/michal/Documents/Unreal Projects/CarelessLuggage/Content/StarterContent/Textures/T_Metal_Steel_N.uasset" 607
"../../../../../../Users/michal/Documents/Unreal Projects/CarelessLuggage/Content/StarterContent/Materials/M_Metal_Steel.uasset" 608
"../../../../../../Users/michal/Documents/Unreal Projects/CarelessLuggage/Content/StarterContent/Textures/T_Metal_Rust_D.uasset" 609
"../../../../../../Users/michal/Documents/Unreal Projects/CarelessLuggage/Content/StarterContent/Textures/T_Metal_Rust_N.uasset" 610
"../../../../../../Users/michal/Documents/Unreal Projects/CarelessLuggage/Content/StarterContent/Materials/M_Metal_Rust.uasset" 611
"../../../../../../Users/michal/Documents/Unreal Projects/CarelessLuggage/Content/StarterContent/Textures/T_Metal_Gold_D.uasset" 612
"../../../../../../Users/michal/Documents/Unreal Projects/CarelessLuggage/Content/StarterContent/Materials/M_Metal_Gold.uasset" 613
"../../../../../../Users/michal/Documents/Unreal Projects/CarelessLuggage/Content/StarterContent/Textures/T_Ground_Moss_N.uasset" 614
"../../../../../../Users/michal/Documents/Unreal Projects/CarelessLuggage/Content/StarterContent/Textures/T_ground_Moss_D.uasset" 615
"../../../../../../Users/michal/Documents/Unreal Projects/CarelessLuggage/Content/StarterContent/Materials/M_Ground_Moss.uasset" 616
"../../../../../../Users/michal/Documents/Unreal Projects/CarelessLuggage/Content/StarterContent/Textures/T_Ground_Gravel_N.uasset" 617
"../../../../../../Users/michal/Documents/Unreal Projects/CarelessLuggage/Content/StarterContent/Textures/T_Ground_Gravel_D.uasset" 618
"../../../../../../Users/michal/Documents/Unreal Projects/CarelessLuggage/Content/StarterContent/Materials/M_Ground_Gravel.uasset" 619
"../../../../../../Users/michal/Documents/Unreal Projects/CarelessLuggage/Content/StarterContent/Textures/T_Ground_Grass_N.uasset" 620
"../../../../../../Users/michal/Documents/Unreal Projects/CarelessLuggage/Content/StarterContent/Textures/T_Ground_Grass_D.uasset" 621
"../../../../../../Users/michal/Documents/Unreal Projects/CarelessLuggage/Content/StarterContent/Materials/M_Ground_Grass.uasset" 622
"../../../../../../Users/michal/Documents/Unreal Projects/CarelessLuggage/Content/StarterContent/Textures/T_Concrete_Tiles_Variation_M.uasset" 623
"../../../../../../Users/michal/Documents/Unreal Projects/CarelessLuggage/Content/StarterContent/Textures/T_Concrete_Tiles_N.uasset" 624
"../../../../../../Users/michal/Documents/Unreal Projects/CarelessLuggage/Content/StarterContent/Textures/T_Concrete_Tiles_M.uasset" 625
"../../../../../../Users/michal/Documents/Unreal Projects/CarelessLuggage/Content/StarterContent/Textures/T_Concrete_Tiles_D.uasset" 626
"../../../../../../Users/michal/Documents/Unreal Projects/CarelessLuggage/Content/StarterContent/Materials/M_Concrete_Tiles.uasset" 627
"../../../../../../Users/michal/Documents/Unreal Projects/CarelessLuggage/Content/StarterContent/Textures/T_Concrete_Panels_N.uasset" 628
"../../../../../../Users/michal/Documents/Unreal Projects/CarelessLuggage/Content/StarterContent/Textures/T_Concrete_Panels_D.uasset" 629
"../../../../../../Users/michal/Documents/Unreal Projects/CarelessLuggage/Content/StarterContent/Materials/M_Concrete_Panels.uasset" 630
"../../../../../../Users/michal/Documents/Unreal Projects/CarelessLuggage/Content/StarterContent/Textures/T_Concrete_Grime_D.uasset" 631
"../../../../../../Users/michal/Documents/Unreal Projects/CarelessLuggage/Content/StarterContent/Materials/M_Concrete_Grime.uasset" 632
"../../../../../../Users/michal/Documents/Unreal Projects/CarelessLuggage/Content/StarterContent/Textures/T_CobbleStone_Smooth_N.uasset" 633
"../../../../../../Users/michal/Documents/Unreal Projects/CarelessLuggage/Content/StarterContent/Textures/T_CobbleStone_Smooth_M.uasset" 634
"../../../../../../Users/michal/Documents/Unreal Projects/CarelessLuggage/Content/StarterContent/Textures/T_CobbleStone_Smooth_D.uasset" 635
"../../../../../../Users/michal/Documents/Unreal Projects/CarelessLuggage/Content/StarterContent/Textures/T_Rock_Smooth_Granite_D.uasset" 636
"../../../../../../Users/michal/Documents/Unreal Projects/CarelessLuggage/Content/StarterContent/Textures/T_Gradinet_01.uasset" 637
"../../../../../../Users/michal/Documents/Unreal Projects/CarelessLuggage/Content/StarterContent/Materials/M_CobbleStone_Smooth.uasset" 638
"../../../../../../Users/michal/Documents/Unreal Projects/CarelessLuggage/Content/StarterContent/Textures/T_CobbleStone_Rough_N.uasset" 639
"../../../../../../Users/michal/Documents/Unreal Projects/CarelessLuggage/Content/StarterContent/Textures/T_CobbleStone_Rough_D.uasset" 640
"../../../../../../Users/michal/Documents/Unreal Projects/CarelessLuggage/Content/StarterContent/Materials/M_CobbleStone_Rough.uasset" 641
"../../../../../../Users/michal/Documents/Unreal Projects/CarelessLuggage/Content/StarterContent/Textures/T_CobbleStone_Pebble_N.uasset" 642
"../../../../../../Users/michal/Documents/Unreal Projects/CarelessLuggage/Content/StarterContent/Textures/T_CobbleStone_Pebble_M.uasset" 643
"../../../../../../Users/michal/Documents/Unreal Projects/CarelessLuggage/Content/StarterContent/Textures/T_CobbleStone_Pebble_D.uasset" 644
"../../../../../../Users/michal/Documents/Unreal Projects/CarelessLuggage/Content/StarterContent/Materials/M_CobbleStone_Pebble.uasset" 645
"../../../../../../Users/michal/Documents/Unreal Projects/CarelessLuggage/Content/StarterContent/Textures/T_Ceramic_Tile_N.uasset" 646
"../../../../../../Users/michal/Documents/Unreal Projects/CarelessLuggage/Content/StarterContent/Textures/T_Ceramic_Tile_M.uasset" 647
"../../../../../../Users/michal/Documents/Unreal Projects/CarelessLuggage/Content/StarterContent/Materials/M_Ceramic_Tile_Checker.uasset" 648
"../../../../../../Users/michal/Documents/Unreal Projects/CarelessLuggage/Content/StarterContent/Textures/T_Brick_Hewn_Stone_N.uasset" 649
"../../../../../../Users/michal/Documents/Unreal Projects/CarelessLuggage/Content/StarterContent/Textures/T_Brick_Hewn_Stone_M.uasset" 650
"../../../../../../Users/michal/Documents/Unreal Projects/CarelessLuggage/Content/StarterContent/Textures/T_Brick_Hewn_Stone_D.uasset" 651
"../../../../../../Users/michal/Documents/Unreal Projects/CarelessLuggage/Content/StarterContent/Materials/M_Brick_Hewn_Stone.uasset" 652
"../../../../../../Users/michal/Documents/Unreal Projects/CarelessLuggage/Content/StarterContent/Textures/T_Brick_Cut_Stone_N.uasset" 653
"../../../../../../Users/michal/Documents/Unreal Projects/CarelessLuggage/Content/StarterContent/Textures/T_Brick_Cut_Stone_D.uasset" 654
"../../../../../../Users/michal/Documents/Unreal Projects/CarelessLuggage/Content/StarterContent/Materials/M_Brick_Cut_Stone.uasset" 655
"../../../../../../Users/michal/Documents/Unreal Projects/CarelessLuggage/Content/StarterContent/Textures/T_Brick_Clay_Old_N.uasset" 656
"../../../../../../Users/michal/Documents/Unreal Projects/CarelessLuggage/Content/StarterContent/Textures/T_Brick_Clay_Old_D.uasset" 657
"../../../../../../Users/michal/Documents/Unreal Projects/CarelessLuggage/Content/StarterContent/Materials/M_Brick_Clay_Old.uasset" 658
"../../../../../../Users/michal/Documents/Unreal Projects/CarelessLuggage/Content/StarterContent/Textures/T_Brick_Clay_New_N.uasset" 659
"../../../../../../Users/michal/Documents/Unreal Projects/CarelessLuggage/Content/StarterContent/Textures/T_Brick_Clay_New_M.uasset" 660
"../../../../../../Users/michal/Documents/Unreal Projects/CarelessLuggage/Content/StarterContent/Textures/T_Brick_Clay_New_D.uasset" 661
"../../../../../../Users/michal/Documents/Unreal Projects/CarelessLuggage/Content/StarterContent/Materials/M_Brick_Clay_New.uasset" 662
"../../../../../../Users/michal/Documents/Unreal Projects/CarelessLuggage/Content/StarterContent/Textures/T_Brick_Clay_Beveled_N.uasset" 663
"../../../../../../Users/michal/Documents/Unreal Projects/CarelessLuggage/Content/StarterContent/Textures/T_Brick_Clay_Beveled_M.uasset" 664
"../../../../../../Users/michal/Documents/Unreal Projects/CarelessLuggage/Content/StarterContent/Textures/T_Brick_Clay_Beveled_D.uasset" 665
"../../../../../../Users/michal/Documents/Unreal Projects/CarelessLuggage/Content/StarterContent/Materials/M_Brick_Clay_Beveled.uasset" 666
"../../../../../../Users/michal/Documents/Unreal Projects/CarelessLuggage/Content/StarterContent/Maps/StarterMap_BuiltData.uasset" 667
"../../../../../../Users/michal/Documents/Unreal Projects/CarelessLuggage/Content/StarterContent/Textures/T_Concrete_Poured_N.uasset" 668
"../../../../../../Users/michal/Documents/Unreal Projects/CarelessLuggage/Content/StarterContent/Textures/T_Concrete_Poured_D.uasset" 669
"../../../../../../Users/michal/Documents/Unreal Projects/CarelessLuggage/Content/StarterContent/Materials/M_Concrete_Poured.uasset" 670
"../../../../../../Users/michal/Documents/Unreal Projects/CarelessLuggage/Content/StarterContent/Maps/StarterMap.umap" 671
"../../../Engine/Content/BasicShapes/Plane.uasset" 672
"../../../../../../Users/michal/Documents/Unreal Projects/CarelessLuggage/Content/Blueprints/KrzychusTrash/LuggageTransport_BuiltData.uasset" 673
"../../../../../../Users/michal/Documents/Unreal Projects/CarelessLuggage/Content/Blueprints/KrzychusTrash/LuggageTransport.umap" 674
"../../../../../../Users/michal/Documents/Unreal Projects/CarelessLuggage/Content/VehicleBP/Maps/VehicleExampleMap_BuiltData.uasset" 675
"../../../../../../Users/michal/Documents/Unreal Projects/CarelessLuggage/Content/Vehicle/Meshes/BaseMaterial.uasset" 676
"../../../../../../Users/michal/Documents/Unreal Projects/CarelessLuggage/Content/Vehicle/Meshes/WhiteMaterial.uasset" 677
"../../../../../../Users/michal/Documents/Unreal Projects/CarelessLuggage/Content/Vehicle/Meshes/RoughTerrain_StaticMesh.uasset" 678
"../../../../../../Users/michal/Documents/Unreal Projects/CarelessLuggage/Content/Vehicle/Meshes/OrangeMaterial.uasset" 679
"../../../../../../Users/michal/Documents/Unreal Projects/CarelessLuggage/Content/Vehicle/Meshes/GrayMaterial.uasset" 680
"../../../../../../Users/michal/Documents/Unreal Projects/CarelessLuggage/Content/Geometry/Meshes/1M_Cube_Chamfer.uasset" 681
"../../../../../../Users/michal/Documents/Unreal Projects/CarelessLuggage/Content/Geometry/Meshes/1M_Cube.uasset" 682
"../../../../../../Users/michal/Documents/Unreal Projects/CarelessLuggage/Content/VehicleBP/Maps/VehicleExampleMap.umap" 683
"../../../Engine/Content/Maps/Entry_BuiltData.uasset" 684
"../../../Engine/Content/Maps/Entry.umap" 685
